2022-12-19 15:12:724 INFO  HomePage :63 - mousehover on desktops link and click[[ChromeDriver: chrome on WINDOWS (12a51c0c80b76947e642cb9b24bc8cbf)] -> link text: Desktops]
2022-12-19 15:12:33 INFO  DeskTopPage :23 - get desktops text[[ChromeDriver: chrome on WINDOWS (12a51c0c80b76947e642cb9b24bc8cbf)] -> xpath: //h2[contains(text(),'Desktops')]]
2022-12-19 15:12:398 INFO  HomePage :63 - mousehover on desktops link and click[[ChromeDriver: chrome on WINDOWS (ae7586df18b017e6bcae7c7b166882e3)] -> link text: Desktops]
2022-12-19 15:12:724 INFO  DeskTopPage :23 - get desktops text[[ChromeDriver: chrome on WINDOWS (ae7586df18b017e6bcae7c7b166882e3)] -> xpath: //h2[contains(text(),'Desktops')]]
2022-12-19 16:12:258 INFO  HomePage :90 - click on my account tab[[ChromeDriver: chrome on WINDOWS (a36a3ad20529626db5df7561d7b3ab23)] -> xpath: //span[contains(text(),'My Account')]]
2022-12-19 16:12:397 INFO  HomePage :63 - mousehover on desktops link and click[[ChromeDriver: chrome on WINDOWS (3ecfbcbb01ace30ffad3a3ec196d0e0f)] -> link text: Desktops]
2022-12-19 16:12:902 INFO  DeskTopPage :23 - get desktops text[[ChromeDriver: chrome on WINDOWS (3ecfbcbb01ace30ffad3a3ec196d0e0f)] -> xpath: //h2[contains(text(),'Desktops')]]
2022-12-19 17:12:594 INFO  HomePage :90 - click on my account tab[[ChromeDriver: chrome on WINDOWS (e592f7d4be05cba89a8008d22c76a994)] -> xpath: //span[contains(text(),'My Account')]]
2022-12-19 17:12:287 INFO  AccountsRegisterPage :60 - Enter firstname Raha to first name field[[ChromeDriver: chrome on WINDOWS (e592f7d4be05cba89a8008d22c76a994)] -> id: input-firstname]
2022-12-19 17:12:394 INFO  AccountsRegisterPage :65 - Enter last name Doshi to last name field[[ChromeDriver: chrome on WINDOWS (e592f7d4be05cba89a8008d22c76a994)] -> id: input-firstname]
2022-12-19 17:12:529 INFO  AccountsRegisterPage :70 - Enter email raha123@gmail.com to email field[[ChromeDriver: chrome on WINDOWS (e592f7d4be05cba89a8008d22c76a994)] -> id: input-email]
2022-12-19 17:12:644 INFO  AccountsRegisterPage :80 - Enter password raha123 to password field[[ChromeDriver: chrome on WINDOWS (e592f7d4be05cba89a8008d22c76a994)] -> id: input-password]
2022-12-19 17:12:748 INFO  AccountsRegisterPage :85 - Enter confirm password raha123 to confirm password field[[ChromeDriver: chrome on WINDOWS (e592f7d4be05cba89a8008d22c76a994)] -> id: input-confirm]
2022-12-19 17:12:937 INFO  AccountsRegisterPage :105 - click on privacy policy check box [[ChromeDriver: chrome on WINDOWS (e592f7d4be05cba89a8008d22c76a994)] -> xpath: //div[@class = 'buttons']//input[@name='agree']]
2022-12-19 17:12:32 INFO  AccountsRegisterPage :110 - click on continue button [[ChromeDriver: chrome on WINDOWS (e592f7d4be05cba89a8008d22c76a994)] -> xpath: //div[@class = 'buttons']//input[@value='Continue']]
2022-12-19 17:12:398 INFO  HomePage :90 - click on my account tab[[ChromeDriver: chrome on WINDOWS (62944bc98f647a57366b734b17cc010d)] -> xpath: //span[contains(text(),'My Account')]]
2022-12-19 17:12:971 INFO  AccountsRegisterPage :60 - Enter firstname Raha to first name field[[ChromeDriver: chrome on WINDOWS (62944bc98f647a57366b734b17cc010d)] -> id: input-firstname]
2022-12-19 17:12:137 INFO  AccountsRegisterPage :65 - Enter last name Doshi to last name field[[ChromeDriver: chrome on WINDOWS (62944bc98f647a57366b734b17cc010d)] -> id: input-firstname]
2022-12-19 17:12:326 INFO  AccountsRegisterPage :70 - Enter email raha123@gmail.com to email field[[ChromeDriver: chrome on WINDOWS (62944bc98f647a57366b734b17cc010d)] -> id: input-email]
2022-12-19 17:12:508 INFO  AccountsRegisterPage :75 - Enter telephone 07712345678 to telephone field[[ChromeDriver: chrome on WINDOWS (62944bc98f647a57366b734b17cc010d)] -> id: input-telephone]
2022-12-19 17:12:230 INFO  HomePage :90 - click on my account tab[[ChromeDriver: chrome on WINDOWS (4b5b933d7a4855666e2607843f5c2734)] -> xpath: //span[contains(text(),'My Account')]]
2022-12-19 17:12:926 INFO  AccountsRegisterPage :60 - Enter firstname Raha to first name field[[ChromeDriver: chrome on WINDOWS (4b5b933d7a4855666e2607843f5c2734)] -> id: input-firstname]
2022-12-19 17:12:42 INFO  AccountsRegisterPage :65 - Enter last name Doshi to last name field[[ChromeDriver: chrome on WINDOWS (4b5b933d7a4855666e2607843f5c2734)] -> id: input-firstname]
2022-12-19 17:12:197 INFO  AccountsRegisterPage :70 - Enter email raha123@gmail.com to email field[[ChromeDriver: chrome on WINDOWS (4b5b933d7a4855666e2607843f5c2734)] -> id: input-email]
2022-12-19 17:12:337 INFO  AccountsRegisterPage :75 - Enter telephone 07712345678 to telephone field[[ChromeDriver: chrome on WINDOWS (4b5b933d7a4855666e2607843f5c2734)] -> id: input-telephone]
2022-12-19 17:12:475 INFO  AccountsRegisterPage :80 - Enter password raha123 to password field[[ChromeDriver: chrome on WINDOWS (4b5b933d7a4855666e2607843f5c2734)] -> id: input-password]
2022-12-19 17:12:593 INFO  AccountsRegisterPage :85 - Enter confirm password raha123 to confirm password field[[ChromeDriver: chrome on WINDOWS (4b5b933d7a4855666e2607843f5c2734)] -> id: input-confirm]
2022-12-19 17:12:772 INFO  AccountsRegisterPage :105 - click on privacy policy check box [[ChromeDriver: chrome on WINDOWS (4b5b933d7a4855666e2607843f5c2734)] -> xpath: //div[@class = 'buttons']//input[@name='agree']]
2022-12-19 17:12:869 INFO  AccountsRegisterPage :110 - click on continue button [[ChromeDriver: chrome on WINDOWS (4b5b933d7a4855666e2607843f5c2734)] -> xpath: //div[@class = 'buttons']//input[@value='Continue']]
2022-12-19 17:12:507 INFO  MyAccountPage :41 - get your account has been created text [[ChromeDriver: chrome on WINDOWS (4b5b933d7a4855666e2607843f5c2734)] -> xpath: //h1[contains(text(),'Your Account Has Been Created!')]]
2022-12-19 17:12:597 INFO  AccountsRegisterPage :110 - click on continue button Proxy element for: DefaultElementLocator 'By.xpath: //div[@class = 'buttons']//input[@value='Continue']'
2022-12-19 17:12:244 INFO  HomePage :90 - click on my account tab[[ChromeDriver: chrome on WINDOWS (54326d9408c331173a68e92c27215c4c)] -> xpath: //span[contains(text(),'My Account')]]
2022-12-19 17:12:898 INFO  AccountsRegisterPage :60 - Enter firstname Raha to first name field[[ChromeDriver: chrome on WINDOWS (54326d9408c331173a68e92c27215c4c)] -> id: input-firstname]
2022-12-19 17:12:08 INFO  AccountsRegisterPage :65 - Enter last name Doshi to last name field[[ChromeDriver: chrome on WINDOWS (54326d9408c331173a68e92c27215c4c)] -> id: input-firstname]
2022-12-19 17:12:163 INFO  AccountsRegisterPage :70 - Enter email raha123@gmail.com to email field[[ChromeDriver: chrome on WINDOWS (54326d9408c331173a68e92c27215c4c)] -> id: input-email]
2022-12-19 17:12:304 INFO  AccountsRegisterPage :75 - Enter telephone 07712345678 to telephone field[[ChromeDriver: chrome on WINDOWS (54326d9408c331173a68e92c27215c4c)] -> id: input-telephone]
2022-12-19 17:12:440 INFO  AccountsRegisterPage :80 - Enter password raha123 to password field[[ChromeDriver: chrome on WINDOWS (54326d9408c331173a68e92c27215c4c)] -> id: input-password]
2022-12-19 17:12:571 INFO  AccountsRegisterPage :85 - Enter confirm password raha123 to confirm password field[[ChromeDriver: chrome on WINDOWS (54326d9408c331173a68e92c27215c4c)] -> id: input-confirm]
2022-12-19 17:12:773 INFO  AccountsRegisterPage :105 - click on privacy policy check box [[ChromeDriver: chrome on WINDOWS (54326d9408c331173a68e92c27215c4c)] -> xpath: //div[@class = 'buttons']//input[@name='agree']]
2022-12-19 17:12:879 INFO  AccountsRegisterPage :110 - click on continue button [[ChromeDriver: chrome on WINDOWS (54326d9408c331173a68e92c27215c4c)] -> xpath: //div[@class = 'buttons']//input[@value='Continue']]
2022-12-19 17:12:208 INFO  HomePage :90 - click on my account tab[[ChromeDriver: chrome on WINDOWS (fcad5707471aa45d5f14b7ac5a372540)] -> xpath: //span[contains(text(),'My Account')]]
2022-12-19 17:12:855 INFO  AccountsRegisterPage :60 - Enter firstname Rahanpo5 to first name field[[ChromeDriver: chrome on WINDOWS (fcad5707471aa45d5f14b7ac5a372540)] -> id: input-firstname]
2022-12-19 17:12:963 INFO  AccountsRegisterPage :65 - Enter last name Doshi87DVr to last name field[[ChromeDriver: chrome on WINDOWS (fcad5707471aa45d5f14b7ac5a372540)] -> id: input-firstname]
2022-12-19 17:12:120 INFO  AccountsRegisterPage :70 - Enter email prime20LC4@gmail.com to email field[[ChromeDriver: chrome on WINDOWS (fcad5707471aa45d5f14b7ac5a372540)] -> id: input-email]
2022-12-19 17:12:246 INFO  AccountsRegisterPage :75 - Enter telephone 07712345678 to telephone field[[ChromeDriver: chrome on WINDOWS (fcad5707471aa45d5f14b7ac5a372540)] -> id: input-telephone]
2022-12-19 17:12:357 INFO  AccountsRegisterPage :80 - Enter password raha123 to password field[[ChromeDriver: chrome on WINDOWS (fcad5707471aa45d5f14b7ac5a372540)] -> id: input-password]
2022-12-19 17:12:466 INFO  AccountsRegisterPage :85 - Enter confirm password raha123 to confirm password field[[ChromeDriver: chrome on WINDOWS (fcad5707471aa45d5f14b7ac5a372540)] -> id: input-confirm]
2022-12-19 17:12:646 INFO  AccountsRegisterPage :105 - click on privacy policy check box [[ChromeDriver: chrome on WINDOWS (fcad5707471aa45d5f14b7ac5a372540)] -> xpath: //div[@class = 'buttons']//input[@name='agree']]
2022-12-19 17:12:742 INFO  AccountsRegisterPage :110 - click on continue button [[ChromeDriver: chrome on WINDOWS (fcad5707471aa45d5f14b7ac5a372540)] -> xpath: //div[@class = 'buttons']//input[@value='Continue']]
2022-12-19 17:12:376 INFO  MyAccountPage :41 - get your account has been created text [[ChromeDriver: chrome on WINDOWS (fcad5707471aa45d5f14b7ac5a372540)] -> xpath: //h1[contains(text(),'Your Account Has Been Created!')]]
2022-12-19 17:12:428 INFO  MyAccountPage :51 - Clicking on continue Button [[ChromeDriver: chrome on WINDOWS (fcad5707471aa45d5f14b7ac5a372540)] -> xpath: //a[normalize-space()='Continue']]
2022-12-19 17:12:806 INFO  MyAccountPage :46 - Clicking on my account[[ChromeDriver: chrome on WINDOWS (fcad5707471aa45d5f14b7ac5a372540)] -> xpath: //a[@class='list-group-item'][normalize-space()='My Account']]
2022-12-19 17:12:145 INFO  MyAccountPage :56 - click on logout button [[ChromeDriver: chrome on WINDOWS (fcad5707471aa45d5f14b7ac5a372540)] -> xpath: //a[@class='list-group-item'][normalize-space()='Logout']]
2022-12-19 17:12:694 INFO  MyAccountPage :36 - get account logout text [[ChromeDriver: chrome on WINDOWS (fcad5707471aa45d5f14b7ac5a372540)] -> xpath: //div[@class='col-sm-9']/h1]
2022-12-19 17:12:739 INFO  MyAccountPage :51 - Clicking on continue Button [[ChromeDriver: chrome on WINDOWS (fcad5707471aa45d5f14b7ac5a372540)] -> xpath: //a[normalize-space()='Continue']]
2022-12-19 20:12:165 INFO  HomePage :90 - click on my account tab[[ChromeDriver: chrome on WINDOWS (fbf6e0da9da58a0dc2b89654d888784f)] -> xpath: //span[contains(text(),'My Account')]]
2022-12-19 20:12:696 INFO  AccountLoginPage :37 - get returning customer text[[ChromeDriver: chrome on WINDOWS (fbf6e0da9da58a0dc2b89654d888784f)] -> xpath: //div[@id='content']/div/div[2]//h2]
2022-12-19 20:12:635 INFO  HomePage :90 - click on my account tab[[ChromeDriver: chrome on WINDOWS (93923f58d74392bec389ea593b5e0f7c)] -> xpath: //span[contains(text(),'My Account')]]
2022-12-19 20:12:290 INFO  AccountLoginPage :48 - Enter email raha1234@gmail.com to email field [[ChromeDriver: chrome on WINDOWS (93923f58d74392bec389ea593b5e0f7c)] -> id: input-email]
2022-12-19 20:12:435 INFO  AccountLoginPage :53 - Enter email raha1234 to email field [[ChromeDriver: chrome on WINDOWS (93923f58d74392bec389ea593b5e0f7c)] -> id: input-password]
2022-12-19 20:12:571 INFO  AccountLoginPage :58 - Clicking on Login Button [[ChromeDriver: chrome on WINDOWS (93923f58d74392bec389ea593b5e0f7c)] -> xpath: //form[contains(@action,'login')]//input[@type='submit']]
2022-12-19 20:12:31 INFO  MyAccountPage :46 - Clicking on my account[[ChromeDriver: chrome on WINDOWS (93923f58d74392bec389ea593b5e0f7c)] -> xpath: //a[@class='list-group-item'][normalize-space()='My Account']]
2022-12-19 20:12:566 INFO  MyAccountPage :56 - click on logout button Proxy element for: DefaultElementLocator 'By.xpath: //a[@class='list-group-item'][normalize-space()='Logout']'
2022-12-19 20:12:124 INFO  HomePage :90 - click on my account tab[[ChromeDriver: chrome on WINDOWS (8242b485c58b0359b53656436dcfedfd)] -> xpath: //span[contains(text(),'My Account')]]
2022-12-19 20:12:727 INFO  AccountLoginPage :37 - get returning customer text[[ChromeDriver: chrome on WINDOWS (8242b485c58b0359b53656436dcfedfd)] -> xpath: //div[@id='content']/div/div[2]//h2]
2022-12-19 20:12:621 INFO  HomePage :90 - click on my account tab[[ChromeDriver: chrome on WINDOWS (2430287d04cb35da40da1ebb70268409)] -> xpath: //span[contains(text(),'My Account')]]
2022-12-19 20:12:149 INFO  AccountLoginPage :48 - Enter email raha1234@gmail.com to email field [[ChromeDriver: chrome on WINDOWS (2430287d04cb35da40da1ebb70268409)] -> id: input-email]
2022-12-19 20:12:302 INFO  AccountLoginPage :53 - Enter email raha1234 to email field [[ChromeDriver: chrome on WINDOWS (2430287d04cb35da40da1ebb70268409)] -> id: input-password]
2022-12-19 20:12:431 INFO  AccountLoginPage :58 - Clicking on Login Button [[ChromeDriver: chrome on WINDOWS (2430287d04cb35da40da1ebb70268409)] -> xpath: //form[contains(@action,'login')]//input[@type='submit']]
2022-12-19 20:12:904 INFO  MyAccountPage :46 - Clicking on my account[[ChromeDriver: chrome on WINDOWS (2430287d04cb35da40da1ebb70268409)] -> xpath: //a[@class='list-group-item'][normalize-space()='My Account']]
2022-12-19 20:12:464 INFO  MyAccountPage :56 - click on logout button Proxy element for: DefaultElementLocator 'By.xpath: //a[@class='list-group-item'][normalize-space()='Logout']'
2022-12-19 20:12:479 INFO  HomePage :90 - click on my account tab[[ChromeDriver: chrome on WINDOWS (0da5aeef031cd7f5a609b019a5b06d8d)] -> xpath: //span[contains(text(),'My Account')]]
2022-12-19 20:12:67 INFO  AccountLoginPage :37 - get returning customer text[[ChromeDriver: chrome on WINDOWS (0da5aeef031cd7f5a609b019a5b06d8d)] -> xpath: //div[@id='content']/div/div[2]//h2]
2022-12-19 20:12:647 INFO  HomePage :90 - click on my account tab[[ChromeDriver: chrome on WINDOWS (e05bef8328e066b296174e6db0c24cdf)] -> xpath: //span[contains(text(),'My Account')]]
2022-12-19 20:12:255 INFO  AccountsRegisterPage :55 - get register account text [[ChromeDriver: chrome on WINDOWS (e05bef8328e066b296174e6db0c24cdf)] -> xpath: //h1[contains(text(),'Register Account')]]
2022-12-19 20:12:74 INFO  HomePage :90 - click on my account tab[[ChromeDriver: chrome on WINDOWS (6d8be815cf3f635c8ecc4bb34a939d43)] -> xpath: //span[contains(text(),'My Account')]]
2022-12-19 20:12:823 INFO  AccountLoginPage :48 - Enter email raha1234@gmail.com to email field [[ChromeDriver: chrome on WINDOWS (6d8be815cf3f635c8ecc4bb34a939d43)] -> id: input-email]
2022-12-19 20:12:985 INFO  AccountLoginPage :53 - Enter email raha1234 to email field [[ChromeDriver: chrome on WINDOWS (6d8be815cf3f635c8ecc4bb34a939d43)] -> id: input-password]
2022-12-19 20:12:136 INFO  AccountLoginPage :58 - Clicking on Login Button [[ChromeDriver: chrome on WINDOWS (6d8be815cf3f635c8ecc4bb34a939d43)] -> xpath: //form[contains(@action,'login')]//input[@type='submit']]
2022-12-19 20:12:585 INFO  MyAccountPage :46 - Clicking on my account[[ChromeDriver: chrome on WINDOWS (6d8be815cf3f635c8ecc4bb34a939d43)] -> xpath: //a[@class='list-group-item'][normalize-space()='My Account']]
2022-12-19 20:12:160 INFO  MyAccountPage :56 - click on logout button Proxy element for: DefaultElementLocator 'By.xpath: //a[@class='list-group-item'][normalize-space()='Logout']'
2022-12-19 20:12:388 INFO  HomePage :90 - click on my account tab[[ChromeDriver: chrome on WINDOWS (7ec922e5564fd92089c28485f84c8bd5)] -> xpath: //span[contains(text(),'My Account')]]
2022-12-19 20:12:171 INFO  AccountsRegisterPage :60 - Enter firstname Raha1Iox to first name field[[ChromeDriver: chrome on WINDOWS (7ec922e5564fd92089c28485f84c8bd5)] -> id: input-firstname]
2022-12-19 20:12:304 INFO  AccountsRegisterPage :65 - Enter last name DoshiRagp4 to last name field[[ChromeDriver: chrome on WINDOWS (7ec922e5564fd92089c28485f84c8bd5)] -> id: input-firstname]
2022-12-19 20:12:437 INFO  AccountsRegisterPage :70 - Enter email raha1234tY1ufMut@gmail.com to email field[[ChromeDriver: chrome on WINDOWS (7ec922e5564fd92089c28485f84c8bd5)] -> id: input-email]
2022-12-19 20:12:566 INFO  AccountsRegisterPage :75 - Enter telephone 07712345678 to telephone field[[ChromeDriver: chrome on WINDOWS (7ec922e5564fd92089c28485f84c8bd5)] -> id: input-telephone]
2022-12-19 20:12:689 INFO  AccountsRegisterPage :80 - Enter password raha1234 to password field[[ChromeDriver: chrome on WINDOWS (7ec922e5564fd92089c28485f84c8bd5)] -> id: input-password]
2022-12-19 20:12:797 INFO  AccountsRegisterPage :85 - Enter confirm password raha1234 to confirm password field[[ChromeDriver: chrome on WINDOWS (7ec922e5564fd92089c28485f84c8bd5)] -> id: input-confirm]
2022-12-19 20:12:974 INFO  AccountsRegisterPage :105 - click on privacy policy check box [[ChromeDriver: chrome on WINDOWS (7ec922e5564fd92089c28485f84c8bd5)] -> xpath: //div[@class = 'buttons']//input[@name='agree']]
2022-12-19 21:12:71 INFO  AccountsRegisterPage :110 - click on continue button [[ChromeDriver: chrome on WINDOWS (7ec922e5564fd92089c28485f84c8bd5)] -> xpath: //div[@class = 'buttons']//input[@value='Continue']]
2022-12-19 21:12:706 INFO  MyAccountPage :41 - get your account has been created text [[ChromeDriver: chrome on WINDOWS (7ec922e5564fd92089c28485f84c8bd5)] -> xpath: //h1[contains(text(),'Your Account Has Been Created!')]]
2022-12-19 21:12:755 INFO  MyAccountPage :51 - Clicking on continue Button [[ChromeDriver: chrome on WINDOWS (7ec922e5564fd92089c28485f84c8bd5)] -> xpath: //a[normalize-space()='Continue']]
2022-12-19 21:12:160 INFO  MyAccountPage :46 - Clicking on my account[[ChromeDriver: chrome on WINDOWS (7ec922e5564fd92089c28485f84c8bd5)] -> xpath: //a[@class='list-group-item'][normalize-space()='My Account']]
2022-12-19 21:12:525 INFO  MyAccountPage :56 - click on logout button [[ChromeDriver: chrome on WINDOWS (7ec922e5564fd92089c28485f84c8bd5)] -> xpath: //a[@class='list-group-item'][normalize-space()='Logout']]
2022-12-19 21:12:161 INFO  MyAccountPage :36 - get account logout text [[ChromeDriver: chrome on WINDOWS (7ec922e5564fd92089c28485f84c8bd5)] -> xpath: //div[@class='col-sm-9']/h1]
2022-12-19 21:12:204 INFO  MyAccountPage :51 - Clicking on continue Button [[ChromeDriver: chrome on WINDOWS (7ec922e5564fd92089c28485f84c8bd5)] -> xpath: //a[normalize-space()='Continue']]
2022-12-19 21:12:402 INFO  HomePage :90 - click on my account tab[[ChromeDriver: chrome on WINDOWS (4370d45aaa293cbd29662490d606fd85)] -> xpath: //span[contains(text(),'My Account')]]
2022-12-19 21:12:956 INFO  AccountLoginPage :43 - get new customer text[[ChromeDriver: chrome on WINDOWS (4370d45aaa293cbd29662490d606fd85)] -> xpath: //div[@id='content']/div/div[1]//h2]
2022-12-19 21:12:222 INFO  HomePage :90 - click on my account tab[[ChromeDriver: chrome on WINDOWS (f148aaa44c5c4769e9f2fd6e3a7bbfc4)] -> xpath: //span[contains(text(),'My Account')]]
2022-12-19 21:12:850 INFO  AccountsRegisterPage :55 - get register account text [[ChromeDriver: chrome on WINDOWS (f148aaa44c5c4769e9f2fd6e3a7bbfc4)] -> xpath: //h1[contains(text(),'Register Account')]]
2022-12-19 21:12:947 INFO  HomePage :90 - click on my account tab[[ChromeDriver: chrome on WINDOWS (a9c81e8acfe9c8a79bc13f67b4b25c68)] -> xpath: //span[contains(text(),'My Account')]]
2022-12-19 21:12:542 INFO  AccountLoginPage :37 - get returning customer text[[ChromeDriver: chrome on WINDOWS (a9c81e8acfe9c8a79bc13f67b4b25c68)] -> xpath: //div[@id='content']/div/div[2]//h2]
2022-12-19 21:12:482 INFO  HomePage :90 - click on my account tab[[ChromeDriver: chrome on WINDOWS (aa29a376a8cf9e1293cb06ff5351ca10)] -> xpath: //span[contains(text(),'My Account')]]
2022-12-19 21:12:878 INFO  AccountsRegisterPage :55 - get register account text [[ChromeDriver: chrome on WINDOWS (aa29a376a8cf9e1293cb06ff5351ca10)] -> xpath: //h1[contains(text(),'Register Account')]]
2022-12-19 21:12:532 INFO  HomePage :90 - click on my account tab[[ChromeDriver: chrome on WINDOWS (966b28ea2cc0b91c7587007f51b99112)] -> xpath: //span[contains(text(),'My Account')]]
2022-12-19 21:12:127 INFO  AccountLoginPage :48 - Enter email raha1234@gmail.com to email field [[ChromeDriver: chrome on WINDOWS (966b28ea2cc0b91c7587007f51b99112)] -> id: input-email]
2022-12-19 21:12:281 INFO  AccountLoginPage :53 - Enter email raha1234 to email field [[ChromeDriver: chrome on WINDOWS (966b28ea2cc0b91c7587007f51b99112)] -> id: input-password]
2022-12-19 21:12:416 INFO  AccountLoginPage :58 - Clicking on Login Button [[ChromeDriver: chrome on WINDOWS (966b28ea2cc0b91c7587007f51b99112)] -> xpath: //form[contains(@action,'login')]//input[@type='submit']]
2022-12-19 21:12:851 INFO  MyAccountPage :46 - Clicking on my account[[ChromeDriver: chrome on WINDOWS (966b28ea2cc0b91c7587007f51b99112)] -> xpath: //a[@class='list-group-item'][normalize-space()='My Account']]
2022-12-19 21:12:431 INFO  MyAccountPage :56 - click on logout button Proxy element for: DefaultElementLocator 'By.xpath: //a[@class='list-group-item'][normalize-space()='Logout']'
2022-12-19 21:12:687 INFO  HomePage :90 - click on my account tab[[ChromeDriver: chrome on WINDOWS (cee29db5f3dba705cadb4ef0e917518c)] -> xpath: //span[contains(text(),'My Account')]]
2022-12-19 21:12:282 INFO  AccountLoginPage :48 - Enter email viaan123@gmail.com to email field [[ChromeDriver: chrome on WINDOWS (cee29db5f3dba705cadb4ef0e917518c)] -> id: input-email]
2022-12-19 21:12:440 INFO  AccountLoginPage :53 - Enter email viaan123 to email field [[ChromeDriver: chrome on WINDOWS (cee29db5f3dba705cadb4ef0e917518c)] -> id: input-password]
2022-12-19 21:12:572 INFO  AccountLoginPage :58 - Clicking on Login Button [[ChromeDriver: chrome on WINDOWS (cee29db5f3dba705cadb4ef0e917518c)] -> xpath: //form[contains(@action,'login')]//input[@type='submit']]
2022-12-19 21:12:210 INFO  MyAccountPage :46 - Clicking on my account[[ChromeDriver: chrome on WINDOWS (cee29db5f3dba705cadb4ef0e917518c)] -> xpath: //a[@class='list-group-item'][normalize-space()='My Account']]
2022-12-19 21:12:558 INFO  MyAccountPage :56 - click on logout button [[ChromeDriver: chrome on WINDOWS (cee29db5f3dba705cadb4ef0e917518c)] -> xpath: //a[@class='list-group-item'][normalize-space()='Logout']]
2022-12-19 21:12:109 INFO  MyAccountPage :36 - get account logout text [[ChromeDriver: chrome on WINDOWS (cee29db5f3dba705cadb4ef0e917518c)] -> xpath: //div[@class='col-sm-9']/h1]
2022-12-19 21:12:156 INFO  MyAccountPage :36 - get account logout text [[ChromeDriver: chrome on WINDOWS (cee29db5f3dba705cadb4ef0e917518c)] -> xpath: //div[@class='col-sm-9']/h1]
2022-12-20 17:12:493 INFO  HomePage :63 - mousehover on desktops link and click[[ChromeDriver: chrome on WINDOWS (3d08cd21a613e9b38e9b980b32c80ba6)] -> link text: Desktops]
2022-12-20 17:12:241 INFO  HomePage :63 - mousehover on desktops link and click[[ChromeDriver: chrome on WINDOWS (7cb103cb9fa6eec19ccbf83ff259f1a0)] -> link text: Desktops]
2022-12-20 17:12:93 INFO  HomePage :63 - mousehover on desktops link and click[[ChromeDriver: chrome on WINDOWS (69dbe34892c5ef33037fe9e6b5eaa9fc)] -> link text: Desktops]
2022-12-20 17:12:723 INFO  HomePage :63 - mousehover on desktops link and click[[ChromeDriver: chrome on WINDOWS (513257e51700e73328beebebd1ac2f99)] -> link text: Desktops]
2022-12-20 18:12:406 INFO  HomePage :68 - mousehover on laptops and notebooks link and click[[ChromeDriver: chrome on WINDOWS (e75a5b6c1d5ddc7d1390ae8fec39fee8)] -> link text: Laptops & Notebooks]
2022-12-20 20:12:475 INFO  HomePage :68 - mousehover on laptops and notebooks link and click[[ChromeDriver: chrome on WINDOWS (9908c4f9179bde8f3b1f97dce88a6734)] -> link text: Laptops & Notebooks]
2022-12-20 20:12:81 INFO  ProductPage :54 - get product textProxy element for: DefaultElementLocator 'By.xpath: //div[@id = 'content']//h1'
2022-12-20 21:12:800 INFO  HomePage :68 - mousehover on laptops and notebooks link and click[[ChromeDriver: chrome on WINDOWS (cb2efcb68180cb31dc94268ea269c870)] -> link text: Laptops & Notebooks]
2022-12-20 21:12:522 INFO  ProductPage :54 - get product textProxy element for: DefaultElementLocator 'By.xpath: //div[@id = 'content']//h1'
2022-12-20 21:12:762 INFO  HomePage :68 - mousehover on laptops and notebooks link and click[[ChromeDriver: chrome on WINDOWS (5d1eb894d7e0f4c16a57c6000b2e4f68)] -> link text: Laptops & Notebooks]
2022-12-20 21:12:860 INFO  LaptopAndNotebooksPage :78 - Clicking on Login Button [[ChromeDriver: chrome on WINDOWS (5d1eb894d7e0f4c16a57c6000b2e4f68)] -> id: input-sort]
2022-12-20 21:12:410 INFO  LaptopAndNotebooksPage :82 - Select MacBook[[ChromeDriver: chrome on WINDOWS (5d1eb894d7e0f4c16a57c6000b2e4f68)] -> link text: MacBook]
2022-12-20 21:12:450 INFO  ProductPage :54 - get product text[[ChromeDriver: chrome on WINDOWS (5d1eb894d7e0f4c16a57c6000b2e4f68)] -> xpath: //div[@id = 'content']//h1]
2022-12-20 21:12:490 INFO  ProductPage :85 - click on add to cart button[[ChromeDriver: chrome on WINDOWS (5d1eb894d7e0f4c16a57c6000b2e4f68)] -> xpath: //button[@id='button-cart']]
2022-12-20 21:12:108 INFO  ProductPage :90 - get product added success message[[ChromeDriver: chrome on WINDOWS (5d1eb894d7e0f4c16a57c6000b2e4f68)] -> css selector: body:nth-child(2) div.container:nth-child(4) > div.alert.alert-success.alert-dismissible]
2022-12-20 21:12:129 INFO  HomePage :68 - mousehover on laptops and notebooks link and click[[ChromeDriver: chrome on WINDOWS (327208d23cabcde45c371f5c2c02bc4d)] -> link text: Laptops & Notebooks]
2022-12-20 21:12:142 INFO  LaptopAndNotebooksPage :78 - Clicking on Login Button [[ChromeDriver: chrome on WINDOWS (327208d23cabcde45c371f5c2c02bc4d)] -> id: input-sort]
2022-12-20 21:12:633 INFO  LaptopAndNotebooksPage :82 - Select MacBook[[ChromeDriver: chrome on WINDOWS (327208d23cabcde45c371f5c2c02bc4d)] -> link text: MacBook]
2022-12-20 21:12:719 INFO  ProductPage :54 - get product text[[ChromeDriver: chrome on WINDOWS (327208d23cabcde45c371f5c2c02bc4d)] -> xpath: //div[@id = 'content']//h1]
2022-12-20 21:12:766 INFO  ProductPage :85 - click on add to cart button[[ChromeDriver: chrome on WINDOWS (327208d23cabcde45c371f5c2c02bc4d)] -> xpath: //button[@id='button-cart']]
2022-12-20 21:12:194 INFO  ProductPage :90 - get product added success message[[ChromeDriver: chrome on WINDOWS (327208d23cabcde45c371f5c2c02bc4d)] -> css selector: body:nth-child(2) div.container:nth-child(4) > div.alert.alert-success.alert-dismissible]
